Playing game 1 of 1
Playing game 1 of 1


Results:
White won 100%% of the games;
Black won 0%% of the games;
Draws 0%% of the games;


Playing game 1 of 10
Playing game 2 of 10
Playing game 3 of 10
Playing game 4 of 10
Playing game 5 of 10
Playing game 6 of 10
Playing game 7 of 10
Playing game 8 of 10
Playing game 9 of 10
Playing game 10 of 10


Results:
White won 50%% of the games;
Black won 50%% of the games;
Draws 0%% of the games;


Playing game 1 of 10
Playing game 1 of 10
Playing game 1 of 10
Playing game 2 of 10
Playing game 3 of 10
Playing game 4 of 10
Playing game 5 of 10
Playing game 6 of 10
Playing game 7 of 10
Playing game 8 of 10
Playing game 9 of 10
Playing game 10 of 10


Results:
White won 50%% of the games;
Black won 50%% of the games;
Draws 0%% of the games;


